<?xml version="1.0" encoding="UTF-8"?>
<!-- Generated by org.testng.reporters.JUnitReportReporter -->
<testsuite hostname="SABI-Nneka" failures="0" tests="1" name="rebrand.chakaent.ChakaAssesment" time="31.713" errors="0" timestamp="2021-10-18T00:48:10 WAT" skipped="0">
  <testcase classname="rebrand.chakaent.ChakaAssesment" name="selectStockTest" time="31.713"/>
  <system-out/>
</testsuite> <!-- rebrand.chakaent.ChakaAssesment -->
